Added Component: Designator=C1(C 0603_L)
Added Component: Designator=C2(C 0603_L)
Added Component: Designator=C3(C 0603_L)
Added Component: Designator=C4(C 0603_L)
Added Component: Designator=D1(SOD-323)
Added Component: Designator=IC1(SOT23-6N)
Added Component: Designator=L1(NR2520)
Added Component: Designator=R1(R 0805_L)
Added Component: Designator=R2(R 0805_L)
Added Component: Designator=R3(R 0805_L)
Added Pin To Net: NetName=5V Pin=C3-1
Added Pin To Net: NetName=5V Pin=C4-2
Added Pin To Net: NetName=5V Pin=L1-2
Added Pin To Net: NetName=5V Pin=R3-2
Added Net: Name=5V
Added Pin To Net: NetName=GND Pin=C2-1
Added Pin To Net: NetName=GND Pin=C4-1
Added Pin To Net: NetName=GND Pin=D1-1
Added Pin To Net: NetName=GND Pin=IC1-2
Added Pin To Net: NetName=GND Pin=R2-1
Added Net: Name=GND
Added Pin To Net: NetName=NetC1_1 Pin=C1-1
Added Pin To Net: NetName=NetC1_1 Pin=IC1-1
Added Net: Name=NetC1_1
Added Pin To Net: NetName=NetC1_2 Pin=C1-2
Added Pin To Net: NetName=NetC1_2 Pin=D1-2
Added Pin To Net: NetName=NetC1_2 Pin=IC1-6
Added Pin To Net: NetName=NetC1_2 Pin=L1-1
Added Net: Name=NetC1_2
Added Pin To Net: NetName=NetC2_2 Pin=C2-2
Added Pin To Net: NetName=NetC2_2 Pin=IC1-5
Added Pin To Net: NetName=NetC2_2 Pin=R1-2
Added Net: Name=NetC2_2
Added Pin To Net: NetName=NetC3_2 Pin=C3-2
Added Pin To Net: NetName=NetC3_2 Pin=IC1-3
Added Pin To Net: NetName=NetC3_2 Pin=R2-2
Added Pin To Net: NetName=NetC3_2 Pin=R3-1
Added Net: Name=NetC3_2
Added Pin To Net: NetName=NetIC1_4 Pin=IC1-4
Added Pin To Net: NetName=NetIC1_4 Pin=R1-1
Added Net: Name=NetIC1_4
Added Class: Name=power
